Copyright 1986-2022 Xilinx, Inc. All Rights Reserved. Copyright 2022-2024 Advanced Micro Devices, Inc. All Rights Reserved.
------------------------------------------------------------------------------------------------------------------------------------------------------------------------------------------------------------------
| Tool Version : Vivado v.2024.2 (win64) Build 5239630 Fri Nov 08 22:35:27 MST 2024
| Date         : Thu Apr 16 11:11:07 2026
| Host         : ENGR-G8DHVD3 running 64-bit major release  (build 9200)
| Command      : report_timing_summary -max_paths 10 -report_unconstrained -file decoder_timing_summary_routed.rpt -pb decoder_timing_summary_routed.pb -rpx decoder_timing_summary_routed.rpx -warn_on_violation
| Design       : decoder
| Device       : 7a35t-cpg236
| Speed File   : -1  PRODUCTION 1.23 2018-06-13
| Design State : Routed
------------------------------------------------------------------------------------------------------------------------------------------------------------------------------------------------------------------

Timing Summary Report

------------------------------------------------------------------------------------------------
| Timer Settings
| --------------
------------------------------------------------------------------------------------------------

  Enable Multi Corner Analysis               :  Yes
  Enable Pessimism Removal                   :  Yes
  Pessimism Removal Resolution               :  Nearest Common Node
  Enable Input Delay Default Clock           :  No
  Enable Preset / Clear Arcs                 :  No
  Disable Flight Delays                      :  No
  Ignore I/O Paths                           :  No
  Timing Early Launch at Borrowing Latches   :  No
  Borrow Time for Max Delay Exceptions       :  Yes
  Merge Timing Exceptions                    :  Yes
  Inter-SLR Compensation                     :  Conservative

  Corner  Analyze    Analyze    
  Name    Max Paths  Min Paths  
  ------  ---------  ---------  
  Slow    Yes        Yes        
  Fast    Yes        Yes        


------------------------------------------------------------------------------------------------
| Report Methodology
| ------------------
------------------------------------------------------------------------------------------------

No report available as report_methodology has not been run prior. Run report_methodology on the current design for the summary of methodology violations.



check_timing report

Table of Contents
-----------------
1. checking no_clock (0)
2. checking constant_clock (0)
3. checking pulse_width_clock (0)
4. checking unconstrained_internal_endpoints (0)
5. checking no_input_delay (0)
6. checking no_output_delay (0)
7. checking multiple_clock (0)
8. checking generated_clocks (0)
9. checking loops (0)
10. checking partial_input_delay (0)
11. checking partial_output_delay (0)
12. checking latch_loops (0)

1. checking no_clock (0)
------------------------
 There are 0 register/latch pins with no clock.


2. checking constant_clock (0)
------------------------------
 There are 0 register/latch pins with constant_clock.


3. checking pulse_width_clock (0)
---------------------------------
 There are 0 register/latch pins which need pulse_width check


4. checking unconstrained_internal_endpoints (0)
------------------------------------------------
 There are 0 pins that are not constrained for maximum delay.

 There are 0 pins that are not constrained for maximum delay due to constant clock.


5. checking no_input_delay (0)
------------------------------
 There are 0 input ports with no input delay specified.

 There are 0 input ports with no input delay but user has a false path constraint.


6. checking no_output_delay (0)
-------------------------------
 There are 0 ports with no output delay specified.

 There are 0 ports with no output delay but user has a false path constraint

 There are 0 ports with no output delay but with a timing clock defined on it or propagating through it


7. checking multiple_clock (0)
------------------------------
 There are 0 register/latch pins with multiple clocks.


8. checking generated_clocks (0)
--------------------------------
 There are 0 generated clocks that are not connected to a clock source.


9. checking loops (0)
---------------------
 There are 0 combinational loops in the design.


10. checking partial_input_delay (0)
------------------------------------
 There are 0 input ports with partial input delay specified.


11. checking partial_output_delay (0)
-------------------------------------
 There are 0 ports with partial output delay specified.


12. checking latch_loops (0)
----------------------------
 There are 0 combinational latch loops in the design through latch input



------------------------------------------------------------------------------------------------
| Design Timing Summary
| ---------------------
------------------------------------------------------------------------------------------------

    WNS(ns)      TNS(ns)  TNS Failing Endpoints  TNS Total Endpoints      WHS(ns)      THS(ns)  THS Failing Endpoints  THS Total Endpoints     WPWS(ns)     TPWS(ns)  TPWS Failing Endpoints  TPWS Total Endpoints  
    -------      -------  ---------------------  -------------------      -------      -------  ---------------------  -------------------     --------     --------  ----------------------  --------------------  
        inf        0.000                      0                    8          inf        0.000                      0                    8           NA           NA                      NA                    NA  


There are no user specified timing constraints.


------------------------------------------------------------------------------------------------
| Clock Summary
| -------------
------------------------------------------------------------------------------------------------


------------------------------------------------------------------------------------------------
| Intra Clock Table
| -----------------
------------------------------------------------------------------------------------------------

Clock             WNS(ns)      TNS(ns)  TNS Failing Endpoints  TNS Total Endpoints      WHS(ns)      THS(ns)  THS Failing Endpoints  THS Total Endpoints     WPWS(ns)     TPWS(ns)  TPWS Failing Endpoints  TPWS Total Endpoints  
-----             -------      -------  ---------------------  -------------------      -------      -------  ---------------------  -------------------     --------     --------  ----------------------  --------------------  


------------------------------------------------------------------------------------------------
| Inter Clock Table
| -----------------
------------------------------------------------------------------------------------------------

From Clock    To Clock          WNS(ns)      TNS(ns)  TNS Failing Endpoints  TNS Total Endpoints      WHS(ns)      THS(ns)  THS Failing Endpoints  THS Total Endpoints  
----------    --------          -------      -------  ---------------------  -------------------      -------      -------  ---------------------  -------------------  


------------------------------------------------------------------------------------------------
| Other Path Groups Table
| -----------------------
------------------------------------------------------------------------------------------------

Path Group    From Clock    To Clock          WNS(ns)      TNS(ns)  TNS Failing Endpoints  TNS Total Endpoints      WHS(ns)      THS(ns)  THS Failing Endpoints  THS Total Endpoints  
----------    ----------    --------          -------      -------  ---------------------  -------------------      -------      -------  ---------------------  -------------------  


------------------------------------------------------------------------------------------------
| User Ignored Path Table
| -----------------------
------------------------------------------------------------------------------------------------

Path Group    From Clock    To Clock    
----------    ----------    --------    


------------------------------------------------------------------------------------------------
| Unconstrained Path Table
| ------------------------
------------------------------------------------------------------------------------------------

Path Group    From Clock    To Clock    
----------    ----------    --------    
(none)                                    


------------------------------------------------------------------------------------------------
| Timing Details
| --------------
------------------------------------------------------------------------------------------------


--------------------------------------------------------------------------------------
Path Group:  (none)
From Clock:  
  To Clock:  

Max Delay             8 Endpoints
Min Delay             8 Endpoints
--------------------------------------------------------------------------------------


Max Delay Paths
--------------------------------------------------------------------------------------
Slack:                    inf
  Source:                 A[1]
                            (input port)
  Destination:            Z[1]
                            (output port)
  Path Group:             (none)
  Path Type:              Max at Slow Process Corner
  Data Path Delay:        9.272ns  (logic 5.115ns (55.166%)  route 4.157ns (44.834%))
  Logic Levels:           3  (IBUF=1 LUT3=1 OBUF=1)

    Location             Delay type                Incr(ns)  Path(ns)    Netlist Resource(s)
  -------------------------------------------------------------------    -------------------
    V16                                               0.000     0.000 f  A[1] (IN)
                         net (fo=0)                   0.000     0.000    A[1]
    V16                  IBUF (Prop_ibuf_I_O)         1.461     1.461 f  A_IBUF[1]_inst/O
                         net (fo=8, routed)           1.580     3.041    A_IBUF[1]
    SLICE_X0Y11          LUT3 (Prop_lut3_I0_O)        0.124     3.165 r  Z_OBUF[1]_inst_i_1/O
                         net (fo=1, routed)           2.577     5.742    Z_OBUF[1]
    E19                  OBUF (Prop_obuf_I_O)         3.530     9.272 r  Z_OBUF[1]_inst/O
                         net (fo=0)                   0.000     9.272    Z[1]
    E19                                                               r  Z[1] (OUT)
  -------------------------------------------------------------------    -------------------

Slack:                    inf
  Source:                 A[0]
                            (input port)
  Destination:            Z[7]
                            (output port)
  Path Group:             (none)
  Path Type:              Max at Slow Process Corner
  Data Path Delay:        8.839ns  (logic 5.311ns (60.078%)  route 3.529ns (39.922%))
  Logic Levels:           3  (IBUF=1 LUT3=1 OBUF=1)

    Location             Delay type                Incr(ns)  Path(ns)    Netlist Resource(s)
  -------------------------------------------------------------------    -------------------
    V17                                               0.000     0.000 r  A[0] (IN)
                         net (fo=0)                   0.000     0.000    A[0]
    V17                  IBUF (Prop_ibuf_I_O)         1.453     1.453 r  A_IBUF[0]_inst/O
                         net (fo=8, routed)           1.453     2.906    A_IBUF[0]
    SLICE_X0Y11          LUT3 (Prop_lut3_I1_O)        0.154     3.060 r  Z_OBUF[7]_inst_i_1/O
                         net (fo=1, routed)           2.075     5.136    Z_OBUF[7]
    V14                  OBUF (Prop_obuf_I_O)         3.704     8.839 r  Z_OBUF[7]_inst/O
                         net (fo=0)                   0.000     8.839    Z[7]
    V14                                                               r  Z[7] (OUT)
  -------------------------------------------------------------------    -------------------

Slack:                    inf
  Source:                 A[1]
                            (input port)
  Destination:            Z[0]
                            (output port)
  Path Group:             (none)
  Path Type:              Max at Slow Process Corner
  Data Path Delay:        8.817ns  (logic 5.320ns (60.342%)  route 3.497ns (39.658%))
  Logic Levels:           3  (IBUF=1 LUT3=1 OBUF=1)

    Location             Delay type                Incr(ns)  Path(ns)    Netlist Resource(s)
  -------------------------------------------------------------------    -------------------
    V16                                               0.000     0.000 f  A[1] (IN)
                         net (fo=0)                   0.000     0.000    A[1]
    V16                  IBUF (Prop_ibuf_I_O)         1.461     1.461 f  A_IBUF[1]_inst/O
                         net (fo=8, routed)           1.580     3.041    A_IBUF[1]
    SLICE_X0Y11          LUT3 (Prop_lut3_I0_O)        0.152     3.193 r  Z_OBUF[0]_inst_i_1/O
                         net (fo=1, routed)           1.917     5.110    Z_OBUF[0]
    U16                  OBUF (Prop_obuf_I_O)         3.707     8.817 r  Z_OBUF[0]_inst/O
                         net (fo=0)                   0.000     8.817    Z[0]
    U16                                                               r  Z[0] (OUT)
  -------------------------------------------------------------------    -------------------

Slack:                    inf
  Source:                 A[0]
                            (input port)
  Destination:            Z[5]
                            (output port)
  Path Group:             (none)
  Path Type:              Max at Slow Process Corner
  Data Path Delay:        8.673ns  (logic 5.325ns (61.402%)  route 3.348ns (38.598%))
  Logic Levels:           3  (IBUF=1 LUT3=1 OBUF=1)

    Location             Delay type                Incr(ns)  Path(ns)    Netlist Resource(s)
  -------------------------------------------------------------------    -------------------
    V17                                               0.000     0.000 r  A[0] (IN)
                         net (fo=0)                   0.000     0.000    A[0]
    V17                  IBUF (Prop_ibuf_I_O)         1.453     1.453 r  A_IBUF[0]_inst/O
                         net (fo=8, routed)           1.448     2.901    A_IBUF[0]
    SLICE_X0Y11          LUT3 (Prop_lut3_I1_O)        0.150     3.051 r  Z_OBUF[5]_inst_i_1/O
                         net (fo=1, routed)           1.900     4.950    Z_OBUF[5]
    U15                  OBUF (Prop_obuf_I_O)         3.722     8.673 r  Z_OBUF[5]_inst/O
                         net (fo=0)                   0.000     8.673    Z[5]
    U15                                                               r  Z[5] (OUT)
  -------------------------------------------------------------------    -------------------

Slack:                    inf
  Source:                 A[1]
                            (input port)
  Destination:            Z[6]
                            (output port)
  Path Group:             (none)
  Path Type:              Max at Slow Process Corner
  Data Path Delay:        8.565ns  (logic 5.325ns (62.178%)  route 3.239ns (37.822%))
  Logic Levels:           3  (IBUF=1 LUT3=1 OBUF=1)

    Location             Delay type                Incr(ns)  Path(ns)    Netlist Resource(s)
  -------------------------------------------------------------------    -------------------
    V16                                               0.000     0.000 r  A[1] (IN)
                         net (fo=0)                   0.000     0.000    A[1]
    V16                  IBUF (Prop_ibuf_I_O)         1.461     1.461 r  A_IBUF[1]_inst/O
                         net (fo=8, routed)           1.167     2.628    A_IBUF[1]
    SLICE_X0Y11          LUT3 (Prop_lut3_I1_O)        0.150     2.778 r  Z_OBUF[6]_inst_i_1/O
                         net (fo=1, routed)           2.072     4.851    Z_OBUF[6]
    U14                  OBUF (Prop_obuf_I_O)         3.714     8.565 r  Z_OBUF[6]_inst/O
                         net (fo=0)                   0.000     8.565    Z[6]
    U14                                                               r  Z[6] (OUT)
  -------------------------------------------------------------------    -------------------

Slack:                    inf
  Source:                 A[0]
                            (input port)
  Destination:            Z[3]
                            (output port)
  Path Group:             (none)
  Path Type:              Max at Slow Process Corner
  Data Path Delay:        8.550ns  (logic 5.086ns (59.483%)  route 3.464ns (40.517%))
  Logic Levels:           3  (IBUF=1 LUT3=1 OBUF=1)

    Location             Delay type                Incr(ns)  Path(ns)    Netlist Resource(s)
  -------------------------------------------------------------------    -------------------
    V17                                               0.000     0.000 r  A[0] (IN)
                         net (fo=0)                   0.000     0.000    A[0]
    V17                  IBUF (Prop_ibuf_I_O)         1.453     1.453 r  A_IBUF[0]_inst/O
                         net (fo=8, routed)           1.453     2.906    A_IBUF[0]
    SLICE_X0Y11          LUT3 (Prop_lut3_I1_O)        0.124     3.030 r  Z_OBUF[3]_inst_i_1/O
                         net (fo=1, routed)           2.011     5.041    Z_OBUF[3]
    V19                  OBUF (Prop_obuf_I_O)         3.509     8.550 r  Z_OBUF[3]_inst/O
                         net (fo=0)                   0.000     8.550    Z[3]
    V19                                                               r  Z[3] (OUT)
  -------------------------------------------------------------------    -------------------

Slack:                    inf
  Source:                 A[0]
                            (input port)
  Destination:            Z[4]
                            (output port)
  Path Group:             (none)
  Path Type:              Max at Slow Process Corner
  Data Path Delay:        8.397ns  (logic 5.085ns (60.565%)  route 3.311ns (39.435%))
  Logic Levels:           3  (IBUF=1 LUT3=1 OBUF=1)

    Location             Delay type                Incr(ns)  Path(ns)    Netlist Resource(s)
  -------------------------------------------------------------------    -------------------
    V17                                               0.000     0.000 f  A[0] (IN)
                         net (fo=0)                   0.000     0.000    A[0]
    V17                  IBUF (Prop_ibuf_I_O)         1.453     1.453 f  A_IBUF[0]_inst/O
                         net (fo=8, routed)           1.448     2.901    A_IBUF[0]
    SLICE_X0Y11          LUT3 (Prop_lut3_I1_O)        0.124     3.025 r  Z_OBUF[4]_inst_i_1/O
                         net (fo=1, routed)           1.863     4.888    Z_OBUF[4]
    W18                  OBUF (Prop_obuf_I_O)         3.509     8.397 r  Z_OBUF[4]_inst/O
                         net (fo=0)                   0.000     8.397    Z[4]
    W18                                                               r  Z[4] (OUT)
  -------------------------------------------------------------------    -------------------

Slack:                    inf
  Source:                 A[1]
                            (input port)
  Destination:            Z[2]
                            (output port)
  Path Group:             (none)
  Path Type:              Max at Slow Process Corner
  Data Path Delay:        8.170ns  (logic 5.086ns (62.256%)  route 3.084ns (37.744%))
  Logic Levels:           3  (IBUF=1 LUT3=1 OBUF=1)

    Location             Delay type                Incr(ns)  Path(ns)    Netlist Resource(s)
  -------------------------------------------------------------------    -------------------
    V16                                               0.000     0.000 r  A[1] (IN)
                         net (fo=0)                   0.000     0.000    A[1]
    V16                  IBUF (Prop_ibuf_I_O)         1.461     1.461 r  A_IBUF[1]_inst/O
                         net (fo=8, routed)           1.167     2.628    A_IBUF[1]
    SLICE_X0Y11          LUT3 (Prop_lut3_I1_O)        0.124     2.752 r  Z_OBUF[2]_inst_i_1/O
                         net (fo=1, routed)           1.917     4.669    Z_OBUF[2]
    U19                  OBUF (Prop_obuf_I_O)         3.501     8.170 r  Z_OBUF[2]_inst/O
                         net (fo=0)                   0.000     8.170    Z[2]
    U19                                                               r  Z[2] (OUT)
  -------------------------------------------------------------------    -------------------





Min Delay Paths
--------------------------------------------------------------------------------------
Slack:                    inf
  Source:                 A[0]
                            (input port)
  Destination:            Z[2]
                            (output port)
  Path Group:             (none)
  Path Type:              Min at Fast Process Corner
  Data Path Delay:        2.320ns  (logic 1.468ns (63.285%)  route 0.852ns (36.715%))
  Logic Levels:           3  (IBUF=1 LUT3=1 OBUF=1)

    Location             Delay type                Incr(ns)  Path(ns)    Netlist Resource(s)
  -------------------------------------------------------------------    -------------------
    V17                                               0.000     0.000 f  A[0] (IN)
                         net (fo=0)                   0.000     0.000    A[0]
    V17                  IBUF (Prop_ibuf_I_O)         0.221     0.221 f  A_IBUF[0]_inst/O
                         net (fo=8, routed)           0.421     0.642    A_IBUF[0]
    SLICE_X0Y11          LUT3 (Prop_lut3_I0_O)        0.045     0.687 r  Z_OBUF[2]_inst_i_1/O
                         net (fo=1, routed)           0.431     1.118    Z_OBUF[2]
    U19                  OBUF (Prop_obuf_I_O)         1.202     2.320 r  Z_OBUF[2]_inst/O
                         net (fo=0)                   0.000     2.320    Z[2]
    U19                                                               r  Z[2] (OUT)
  -------------------------------------------------------------------    -------------------

Slack:                    inf
  Source:                 A[1]
                            (input port)
  Destination:            Z[4]
                            (output port)
  Path Group:             (none)
  Path Type:              Min at Fast Process Corner
  Data Path Delay:        2.355ns  (logic 1.484ns (63.006%)  route 0.871ns (36.994%))
  Logic Levels:           3  (IBUF=1 LUT3=1 OBUF=1)

    Location             Delay type                Incr(ns)  Path(ns)    Netlist Resource(s)
  -------------------------------------------------------------------    -------------------
    V16                                               0.000     0.000 f  A[1] (IN)
                         net (fo=0)                   0.000     0.000    A[1]
    V16                  IBUF (Prop_ibuf_I_O)         0.229     0.229 f  A_IBUF[1]_inst/O
                         net (fo=8, routed)           0.458     0.687    A_IBUF[1]
    SLICE_X0Y11          LUT3 (Prop_lut3_I0_O)        0.045     0.732 r  Z_OBUF[4]_inst_i_1/O
                         net (fo=1, routed)           0.413     1.146    Z_OBUF[4]
    W18                  OBUF (Prop_obuf_I_O)         1.210     2.355 r  Z_OBUF[4]_inst/O
                         net (fo=0)                   0.000     2.355    Z[4]
    W18                                                               r  Z[4] (OUT)
  -------------------------------------------------------------------    -------------------

Slack:                    inf
  Source:                 A[0]
                            (input port)
  Destination:            Z[0]
                            (output port)
  Path Group:             (none)
  Path Type:              Min at Fast Process Corner
  Data Path Delay:        2.405ns  (logic 1.531ns (63.660%)  route 0.874ns (36.340%))
  Logic Levels:           3  (IBUF=1 LUT3=1 OBUF=1)

    Location             Delay type                Incr(ns)  Path(ns)    Netlist Resource(s)
  -------------------------------------------------------------------    -------------------
    V17                                               0.000     0.000 f  A[0] (IN)
                         net (fo=0)                   0.000     0.000    A[0]
    V17                  IBUF (Prop_ibuf_I_O)         0.221     0.221 f  A_IBUF[0]_inst/O
                         net (fo=8, routed)           0.432     0.653    A_IBUF[0]
    SLICE_X0Y11          LUT3 (Prop_lut3_I1_O)        0.042     0.695 r  Z_OBUF[0]_inst_i_1/O
                         net (fo=1, routed)           0.442     1.137    Z_OBUF[0]
    U16                  OBUF (Prop_obuf_I_O)         1.268     2.405 r  Z_OBUF[0]_inst/O
                         net (fo=0)                   0.000     2.405    Z[0]
    U16                                                               r  Z[0] (OUT)
  -------------------------------------------------------------------    -------------------

Slack:                    inf
  Source:                 A[1]
                            (input port)
  Destination:            Z[3]
                            (output port)
  Path Group:             (none)
  Path Type:              Min at Fast Process Corner
  Data Path Delay:        2.425ns  (logic 1.484ns (61.219%)  route 0.940ns (38.781%))
  Logic Levels:           3  (IBUF=1 LUT3=1 OBUF=1)

    Location             Delay type                Incr(ns)  Path(ns)    Netlist Resource(s)
  -------------------------------------------------------------------    -------------------
    V16                                               0.000     0.000 r  A[1] (IN)
                         net (fo=0)                   0.000     0.000    A[1]
    V16                  IBUF (Prop_ibuf_I_O)         0.229     0.229 r  A_IBUF[1]_inst/O
                         net (fo=8, routed)           0.465     0.694    A_IBUF[1]
    SLICE_X0Y11          LUT3 (Prop_lut3_I0_O)        0.045     0.739 r  Z_OBUF[3]_inst_i_1/O
                         net (fo=1, routed)           0.476     1.215    Z_OBUF[3]
    V19                  OBUF (Prop_obuf_I_O)         1.210     2.425 r  Z_OBUF[3]_inst/O
                         net (fo=0)                   0.000     2.425    Z[3]
    V19                                                               r  Z[3] (OUT)
  -------------------------------------------------------------------    -------------------

Slack:                    inf
  Source:                 A[1]
                            (input port)
  Destination:            Z[5]
                            (output port)
  Path Group:             (none)
  Path Type:              Min at Fast Process Corner
  Data Path Delay:        2.449ns  (logic 1.556ns (63.542%)  route 0.893ns (36.458%))
  Logic Levels:           3  (IBUF=1 LUT3=1 OBUF=1)

    Location             Delay type                Incr(ns)  Path(ns)    Netlist Resource(s)
  -------------------------------------------------------------------    -------------------
    V16                                               0.000     0.000 f  A[1] (IN)
                         net (fo=0)                   0.000     0.000    A[1]
    V16                  IBUF (Prop_ibuf_I_O)         0.229     0.229 f  A_IBUF[1]_inst/O
                         net (fo=8, routed)           0.458     0.687    A_IBUF[1]
    SLICE_X0Y11          LUT3 (Prop_lut3_I0_O)        0.044     0.731 r  Z_OBUF[5]_inst_i_1/O
                         net (fo=1, routed)           0.435     1.166    Z_OBUF[5]
    U15                  OBUF (Prop_obuf_I_O)         1.283     2.449 r  Z_OBUF[5]_inst/O
                         net (fo=0)                   0.000     2.449    Z[5]
    U15                                                               r  Z[5] (OUT)
  -------------------------------------------------------------------    -------------------

Slack:                    inf
  Source:                 A[0]
                            (input port)
  Destination:            Z[6]
                            (output port)
  Path Group:             (none)
  Path Type:              Min at Fast Process Corner
  Data Path Delay:        2.470ns  (logic 1.538ns (62.284%)  route 0.932ns (37.716%))
  Logic Levels:           3  (IBUF=1 LUT3=1 OBUF=1)

    Location             Delay type                Incr(ns)  Path(ns)    Netlist Resource(s)
  -------------------------------------------------------------------    -------------------
    V17                                               0.000     0.000 f  A[0] (IN)
                         net (fo=0)                   0.000     0.000    A[0]
    V17                  IBUF (Prop_ibuf_I_O)         0.221     0.221 f  A_IBUF[0]_inst/O
                         net (fo=8, routed)           0.421     0.642    A_IBUF[0]
    SLICE_X0Y11          LUT3 (Prop_lut3_I0_O)        0.043     0.685 r  Z_OBUF[6]_inst_i_1/O
                         net (fo=1, routed)           0.510     1.195    Z_OBUF[6]
    U14                  OBUF (Prop_obuf_I_O)         1.274     2.470 r  Z_OBUF[6]_inst/O
                         net (fo=0)                   0.000     2.470    Z[6]
    U14                                                               r  Z[6] (OUT)
  -------------------------------------------------------------------    -------------------

Slack:                    inf
  Source:                 A[1]
                            (input port)
  Destination:            Z[7]
                            (output port)
  Path Group:             (none)
  Path Type:              Min at Fast Process Corner
  Data Path Delay:        2.502ns  (logic 1.541ns (61.596%)  route 0.961ns (38.404%))
  Logic Levels:           3  (IBUF=1 LUT3=1 OBUF=1)

    Location             Delay type                Incr(ns)  Path(ns)    Netlist Resource(s)
  -------------------------------------------------------------------    -------------------
    V16                                               0.000     0.000 r  A[1] (IN)
                         net (fo=0)                   0.000     0.000    A[1]
    V16                  IBUF (Prop_ibuf_I_O)         0.229     0.229 r  A_IBUF[1]_inst/O
                         net (fo=8, routed)           0.465     0.694    A_IBUF[1]
    SLICE_X0Y11          LUT3 (Prop_lut3_I0_O)        0.045     0.739 r  Z_OBUF[7]_inst_i_1/O
                         net (fo=1, routed)           0.496     1.235    Z_OBUF[7]
    V14                  OBUF (Prop_obuf_I_O)         1.267     2.502 r  Z_OBUF[7]_inst/O
                         net (fo=0)                   0.000     2.502    Z[7]
    V14                                                               r  Z[7] (OUT)
  -------------------------------------------------------------------    -------------------

Slack:                    inf
  Source:                 A[2]
                            (input port)
  Destination:            Z[1]
                            (output port)
  Path Group:             (none)
  Path Type:              Min at Fast Process Corner
  Data Path Delay:        2.623ns  (logic 1.507ns (57.472%)  route 1.115ns (42.528%))
  Logic Levels:           3  (IBUF=1 LUT3=1 OBUF=1)

    Location             Delay type                Incr(ns)  Path(ns)    Netlist Resource(s)
  -------------------------------------------------------------------    -------------------
    W16                                               0.000     0.000 f  A[2] (IN)
                         net (fo=0)                   0.000     0.000    A[2]
    W16                  IBUF (Prop_ibuf_I_O)         0.232     0.232 f  A_IBUF[2]_inst/O
                         net (fo=8, routed)           0.418     0.650    A_IBUF[2]
    SLICE_X0Y11          LUT3 (Prop_lut3_I2_O)        0.045     0.695 r  Z_OBUF[1]_inst_i_1/O
                         net (fo=1, routed)           0.697     1.392    Z_OBUF[1]
    E19                  OBUF (Prop_obuf_I_O)         1.231     2.623 r  Z_OBUF[1]_inst/O
                         net (fo=0)                   0.000     2.623    Z[1]
    E19                                                               r  Z[1] (OUT)
  -------------------------------------------------------------------    -------------------





